2017-06-07 17:11:18,893 [ModalContext] INFO  o.e.m.c.i.e.AbstractTransferListenerAdapter - Downloading https://repo.maven.apache.org/maven2/org/apache/maven/archetypes/maven-archetype-webapp/1.0/maven-archetype-webapp-1.0.jar
2017-06-07 17:11:19,160 [ModalContext] INFO  o.e.m.c.i.e.AbstractTransferListenerAdapter - Downloaded https://repo.maven.apache.org/maven2/org/apache/maven/archetypes/maven-archetype-webapp/1.0/maven-archetype-webapp-1.0.jar
2017-06-07 17:11:19,351 [ModalContext] INFO  o.e.m.c.i.e.AbstractTransferListenerAdapter - Downloading https://repo.maven.apache.org/maven2/org/apache/maven/archetypes/maven-archetype-webapp/1.0/maven-archetype-webapp-1.0.pom
2017-06-07 17:11:19,571 [ModalContext] INFO  o.e.m.c.i.e.AbstractTransferListenerAdapter - Downloaded https://repo.maven.apache.org/maven2/org/apache/maven/archetypes/maven-archetype-webapp/1.0/maven-archetype-webapp-1.0.pom
2017-06-07 17:11:30,874 [Worker-78] INFO  o.e.m.c.i.p.ProjectConfigurationManager - Collecting project info '/pom.xml' D:\Snap2\WhirpoolNewsletter\com.mkyong.rest\pom.xml
2017-06-07 17:11:34,037 [Worker-78] INFO  o.e.m.c.i.l.LifecycleMappingFactory - Using org.maven.ide.eclipse.wtp.WarLifecycleMapping lifecycle mapping for MavenProject: com.mkyong.rest:com.mkyong.rest:0.0.1-SNAPSHOT @ D:\Snap2\WhirpoolNewsletter\com.mkyong.rest\pom.xml.
2017-06-07 17:11:35,513 [Worker-78] INFO  o.e.m.j.i.AbstractJavaProjectConfigurator - Adding source folder /com.mkyong.rest/src/main/java
2017-06-07 17:11:35,513 [Worker-78] INFO  o.e.m.j.i.AbstractJavaProjectConfigurator - Adding resource folder /com.mkyong.rest/src/main/resources
2017-06-07 17:11:35,514 [Worker-78] INFO  o.e.m.j.i.AbstractJavaProjectConfigurator - Adding source folder /com.mkyong.rest/src/test/java
2017-06-07 17:11:40,643 [Worker-78] INFO  o.e.m.c.i.p.ProjectConfigurationManager - Imported and configured 1 project(s) in 9 sec
2017-06-07 17:11:41,005 [Worker-98] WARN  o.e.m.c.i.embedder.EclipseLogger - Using platform encoding (Cp1252 actually) to copy filtered resources, i.e. build is platform dependent!
2017-06-07 17:11:41,036 [Worker-98] INFO  o.e.m.c.i.embedder.EclipseLogger - Copying 0 resource
2017-06-07 17:11:41,061 [Worker-98] WARN  o.e.m.c.i.embedder.EclipseLogger - Using platform encoding (Cp1252 actually) to copy filtered resources, i.e. build is platform dependent!
2017-06-07 17:11:41,063 [Worker-98] INFO  o.e.m.c.i.embedder.EclipseLogger - skip non existing resourceDirectory D:\Snap2\WhirpoolNewsletter\com.mkyong.rest\src\test\resources
2017-06-07 17:17:27,740 [Worker-108] WARN  o.e.m.c.i.embedder.EclipseLogger - Using platform encoding (Cp1252 actually) to copy filtered resources, i.e. build is platform dependent!
2017-06-07 17:17:27,749 [Worker-108] INFO  o.e.m.c.i.embedder.EclipseLogger - Copying 0 resource
2017-06-07 17:17:27,751 [Worker-108] WARN  o.e.m.c.i.embedder.EclipseLogger - Using platform encoding (Cp1252 actually) to copy filtered resources, i.e. build is platform dependent!
2017-06-07 17:17:27,758 [Worker-108] INFO  o.e.m.c.i.embedder.EclipseLogger - skip non existing resourceDirectory D:\Snap2\WhirpoolNewsletter\com.mkyong.rest\src\test\resources
2017-06-07 17:18:09,106 [Worker-105] INFO  o.e.m.c.i.l.LifecycleMappingFactory - Using org.maven.ide.eclipse.wtp.WarLifecycleMapping lifecycle mapping for MavenProject: com.mkyong.rest:com.mkyong.rest:0.0.1-SNAPSHOT @ D:\Snap2\WhirpoolNewsletter\com.mkyong.rest\pom.xml.
2017-06-07 17:18:14,343 [Worker-105] INFO  o.e.m.c.i.e.AbstractTransferListenerAdapter - Downloaded http://download.java.net/maven/2/com/sun/jersey/jersey-server/1.8/jersey-server-1.8.pom
2017-06-07 17:18:16,090 [Worker-105] INFO  o.e.m.c.i.e.AbstractTransferListenerAdapter - Downloading https://repo.maven.apache.org/maven2/com/sun/jersey/jersey-server/1.8/jersey-server-1.8.pom
2017-06-07 17:18:16,462 [Worker-105] INFO  o.e.m.c.i.e.AbstractTransferListenerAdapter - Downloaded https://repo.maven.apache.org/maven2/com/sun/jersey/jersey-server/1.8/jersey-server-1.8.pom
2017-06-07 17:18:18,865 [Worker-105] INFO  o.e.m.c.i.e.AbstractTransferListenerAdapter - Downloaded http://download.java.net/maven/2/com/sun/jersey/jersey-project/1.8/jersey-project-1.8.pom
2017-06-07 17:18:19,075 [Worker-105] INFO  o.e.m.c.i.e.AbstractTransferListenerAdapter - Downloading https://repo.maven.apache.org/maven2/com/sun/jersey/jersey-project/1.8/jersey-project-1.8.pom
2017-06-07 17:18:19,352 [Worker-105] INFO  o.e.m.c.i.e.AbstractTransferListenerAdapter - Downloaded https://repo.maven.apache.org/maven2/com/sun/jersey/jersey-project/1.8/jersey-project-1.8.pom
2017-06-07 17:18:20,836 [Worker-105] INFO  o.e.m.c.i.e.AbstractTransferListenerAdapter - Downloaded http://download.java.net/maven/2/com/sun/jersey/jersey-core/1.8/jersey-core-1.8.pom
2017-06-07 17:18:21,107 [Worker-105] INFO  o.e.m.c.i.e.AbstractTransferListenerAdapter - Downloading https://repo.maven.apache.org/maven2/com/sun/jersey/jersey-core/1.8/jersey-core-1.8.pom
2017-06-07 17:18:21,316 [Worker-105] INFO  o.e.m.c.i.e.AbstractTransferListenerAdapter - Downloaded https://repo.maven.apache.org/maven2/com/sun/jersey/jersey-core/1.8/jersey-core-1.8.pom
2017-06-07 17:18:23,891 [Worker-105] INFO  o.e.m.c.i.e.AbstractTransferListenerAdapter - Downloaded http://download.java.net/maven/2/com/sun/jersey/jersey-server/1.8/jersey-server-1.8.jar
2017-06-07 17:18:25,207 [Worker-105] INFO  o.e.m.c.i.e.AbstractTransferListenerAdapter - Downloaded http://download.java.net/maven/2/com/sun/jersey/jersey-core/1.8/jersey-core-1.8.jar
2017-06-07 17:18:25,429 [Worker-105] INFO  o.e.m.c.i.e.AbstractTransferListenerAdapter - Downloading https://repo.maven.apache.org/maven2/com/sun/jersey/jersey-server/1.8/jersey-server-1.8.jar
2017-06-07 17:18:30,058 [Worker-105] INFO  o.e.m.c.i.e.AbstractTransferListenerAdapter - Downloaded https://repo.maven.apache.org/maven2/com/sun/jersey/jersey-server/1.8/jersey-server-1.8.jar
2017-06-07 17:18:30,252 [Worker-105] INFO  o.e.m.c.i.e.AbstractTransferListenerAdapter - Downloading https://repo.maven.apache.org/maven2/com/sun/jersey/jersey-core/1.8/jersey-core-1.8.jar
2017-06-07 17:18:32,947 [Worker-105] INFO  o.e.m.c.i.e.AbstractTransferListenerAdapter - Downloaded https://repo.maven.apache.org/maven2/com/sun/jersey/jersey-core/1.8/jersey-core-1.8.jar
2017-06-07 17:18:34,052 [Worker-105] WARN  o.e.m.c.i.embedder.EclipseLogger - Using platform encoding (Cp1252 actually) to copy filtered resources, i.e. build is platform dependent!
2017-06-07 17:18:34,054 [Worker-105] INFO  o.e.m.c.i.embedder.EclipseLogger - Copying 0 resource
2017-06-07 17:18:34,056 [Worker-105] WARN  o.e.m.c.i.embedder.EclipseLogger - Using platform encoding (Cp1252 actually) to copy filtered resources, i.e. build is platform dependent!
2017-06-07 17:18:34,063 [Worker-105] INFO  o.e.m.c.i.embedder.EclipseLogger - skip non existing resourceDirectory D:\Snap2\WhirpoolNewsletter\com.mkyong.rest\src\test\resources
2017-06-07 17:18:34,063 [Worker-105] INFO  o.e.m.w.i.f.ResourceFilteringBuildParticipant - Changed resources require a complete clean of filtered resources of com.mkyong.rest
2017-06-07 17:18:34,064 [Worker-105] INFO  o.e.m.w.i.f.ResourceFilteringBuildParticipant - Executing resource filtering for com.mkyong.rest
2017-06-07 17:18:34,069 [Worker-105] WARN  o.e.m.c.i.embedder.EclipseLogger - Using platform encoding (Cp1252 actually) to copy filtered resources, i.e. build is platform dependent!
2017-06-07 17:18:35,208 [Worker-113] WARN  o.e.m.c.i.embedder.EclipseLogger - Using platform encoding (Cp1252 actually) to copy filtered resources, i.e. build is platform dependent!
2017-06-07 17:18:35,209 [Worker-113] INFO  o.e.m.c.i.embedder.EclipseLogger - Copying 0 resource
2017-06-07 17:18:35,210 [Worker-113] WARN  o.e.m.c.i.embedder.EclipseLogger - Using platform encoding (Cp1252 actually) to copy filtered resources, i.e. build is platform dependent!
2017-06-07 17:18:35,211 [Worker-113] INFO  o.e.m.c.i.embedder.EclipseLogger - skip non existing resourceDirectory D:\Snap2\WhirpoolNewsletter\com.mkyong.rest\src\test\resources
2017-06-07 17:18:58,569 [Worker-103] WARN  o.e.m.c.i.embedder.EclipseLogger - Using platform encoding (Cp1252 actually) to copy filtered resources, i.e. build is platform dependent!
2017-06-07 17:18:58,571 [Worker-103] INFO  o.e.m.c.i.embedder.EclipseLogger - Copying 1 resource
2017-06-07 17:18:58,624 [Worker-103] WARN  o.e.m.c.i.embedder.EclipseLogger - Using platform encoding (Cp1252 actually) to copy filtered resources, i.e. build is platform dependent!
2017-06-07 17:18:58,625 [Worker-103] INFO  o.e.m.c.i.embedder.EclipseLogger - skip non existing resourceDirectory D:\Snap2\WhirpoolNewsletter\com.mkyong.rest\src\test\resources
2017-06-07 17:19:17,034 [Worker-116] WARN  o.e.m.c.i.embedder.EclipseLogger - Using platform encoding (Cp1252 actually) to copy filtered resources, i.e. build is platform dependent!
2017-06-07 17:19:17,050 [Worker-116] INFO  o.e.m.c.i.embedder.EclipseLogger - Copying 1 resource
2017-06-07 17:19:17,052 [Worker-116] WARN  o.e.m.c.i.embedder.EclipseLogger - Using platform encoding (Cp1252 actually) to copy filtered resources, i.e. build is platform dependent!
2017-06-07 17:19:17,054 [Worker-116] INFO  o.e.m.c.i.embedder.EclipseLogger - skip non existing resourceDirectory D:\Snap2\WhirpoolNewsletter\com.mkyong.rest\src\test\resources
2017-06-07 17:19:57,856 [Worker-105] WARN  o.e.m.c.i.embedder.EclipseLogger - Using platform encoding (Cp1252 actually) to copy filtered resources, i.e. build is platform dependent!
2017-06-07 17:19:57,857 [Worker-105] INFO  o.e.m.c.i.embedder.EclipseLogger - Copying 0 resource
2017-06-07 17:19:57,858 [Worker-105] WARN  o.e.m.c.i.embedder.EclipseLogger - Using platform encoding (Cp1252 actually) to copy filtered resources, i.e. build is platform dependent!
2017-06-07 17:19:57,859 [Worker-105] INFO  o.e.m.c.i.embedder.EclipseLogger - skip non existing resourceDirectory D:\Snap2\WhirpoolNewsletter\com.mkyong.rest\src\test\resources
2017-06-07 17:21:02,358 [JavaFX Application Thread] INFO  o.e.m2e.actions.ExecutePomAction - Creating new launch configuration
2017-06-07 17:21:05,889 [Worker-109] INFO  o.e.m.i.launch.MavenLaunchDelegate - D:\Snap2\WhirpoolNewsletter\com.mkyong.rest
2017-06-07 17:21:05,889 [Worker-109] INFO  o.e.m.i.launch.MavenLaunchDelegate -  mvn -B 
2017-06-07 17:22:36,071 [Worker-114] INFO  o.e.m.i.launch.MavenLaunchDelegate - D:\Snap2\WhirpoolNewsletter\com.mkyong.rest
2017-06-07 17:22:36,071 [Worker-114] INFO  o.e.m.i.launch.MavenLaunchDelegate -  mvn -B install
2017-06-07 17:22:41,006 [Worker-113] WARN  o.e.m.c.i.embedder.EclipseLogger - Using platform encoding (Cp1252 actually) to copy filtered resources, i.e. build is platform dependent!
2017-06-07 17:22:41,007 [Worker-113] INFO  o.e.m.c.i.embedder.EclipseLogger - Copying 0 resource
2017-06-07 17:22:41,008 [Worker-113] WARN  o.e.m.c.i.embedder.EclipseLogger - Using platform encoding (Cp1252 actually) to copy filtered resources, i.e. build is platform dependent!
2017-06-07 17:22:41,008 [Worker-113] INFO  o.e.m.c.i.embedder.EclipseLogger - skip non existing resourceDirectory D:\Snap2\WhirpoolNewsletter\com.mkyong.rest\src\test\resources
2017-06-08 12:06:43,741 [Worker-386] WARN  o.e.m.c.i.embedder.EclipseLogger - Using platform encoding (Cp1252 actually) to copy filtered resources, i.e. build is platform dependent!
2017-06-08 12:06:44,082 [Worker-386] INFO  o.e.m.c.i.embedder.EclipseLogger - Copying 1 resource
2017-06-08 12:06:44,085 [Worker-386] WARN  o.e.m.c.i.embedder.EclipseLogger - Using platform encoding (Cp1252 actually) to copy filtered resources, i.e. build is platform dependent!
2017-06-08 12:06:44,086 [Worker-386] INFO  o.e.m.c.i.embedder.EclipseLogger - skip non existing resourceDirectory D:\Snap2\WhirpoolNewsletter\com.mkyong.rest\src\test\resources
2017-06-08 12:20:57,160 [Worker-406] WARN  o.e.m.c.i.embedder.EclipseLogger - Using platform encoding (Cp1252 actually) to copy filtered resources, i.e. build is platform dependent!
2017-06-08 12:20:57,162 [Worker-406] INFO  o.e.m.c.i.embedder.EclipseLogger - Copying 1 resource
2017-06-08 12:20:57,166 [Worker-406] WARN  o.e.m.c.i.embedder.EclipseLogger - Using platform encoding (Cp1252 actually) to copy filtered resources, i.e. build is platform dependent!
2017-06-08 12:20:57,167 [Worker-406] INFO  o.e.m.c.i.embedder.EclipseLogger - skip non existing resourceDirectory D:\Snap2\WhirpoolNewsletter\com.mkyong.rest\src\test\resources
2017-06-08 12:49:43,363 [Worker-407] WARN  o.e.m.c.i.embedder.EclipseLogger - Using platform encoding (Cp1252 actually) to copy filtered resources, i.e. build is platform dependent!
2017-06-08 12:49:43,364 [Worker-407] INFO  o.e.m.c.i.embedder.EclipseLogger - Copying 1 resource
2017-06-08 12:49:43,368 [Worker-407] WARN  o.e.m.c.i.embedder.EclipseLogger - Using platform encoding (Cp1252 actually) to copy filtered resources, i.e. build is platform dependent!
2017-06-08 12:49:43,368 [Worker-407] INFO  o.e.m.c.i.embedder.EclipseLogger - skip non existing resourceDirectory D:\Snap2\WhirpoolNewsletter\com.mkyong.rest\src\test\resources
2017-06-08 12:51:36,538 [Worker-412] WARN  o.e.m.c.i.embedder.EclipseLogger - Using platform encoding (Cp1252 actually) to copy filtered resources, i.e. build is platform dependent!
2017-06-08 12:51:36,539 [Worker-412] INFO  o.e.m.c.i.embedder.EclipseLogger - Copying 1 resource
2017-06-08 12:51:36,542 [Worker-412] WARN  o.e.m.c.i.embedder.EclipseLogger - Using platform encoding (Cp1252 actually) to copy filtered resources, i.e. build is platform dependent!
2017-06-08 12:51:36,543 [Worker-412] INFO  o.e.m.c.i.embedder.EclipseLogger - skip non existing resourceDirectory D:\Snap2\WhirpoolNewsletter\com.mkyong.rest\src\test\resources
2017-06-08 12:53:11,451 [Worker-422] WARN  o.e.m.c.i.embedder.EclipseLogger - Using platform encoding (Cp1252 actually) to copy filtered resources, i.e. build is platform dependent!
2017-06-08 12:53:11,452 [Worker-422] INFO  o.e.m.c.i.embedder.EclipseLogger - Copying 1 resource
2017-06-08 12:53:11,455 [Worker-422] WARN  o.e.m.c.i.embedder.EclipseLogger - Using platform encoding (Cp1252 actually) to copy filtered resources, i.e. build is platform dependent!
2017-06-08 12:53:11,458 [Worker-422] INFO  o.e.m.c.i.embedder.EclipseLogger - skip non existing resourceDirectory D:\Snap2\WhirpoolNewsletter\com.mkyong.rest\src\test\resources
2017-06-08 12:54:16,261 [Worker-421] WARN  o.e.m.c.i.embedder.EclipseLogger - Using platform encoding (Cp1252 actually) to copy filtered resources, i.e. build is platform dependent!
2017-06-08 12:54:16,262 [Worker-421] INFO  o.e.m.c.i.embedder.EclipseLogger - Copying 1 resource
2017-06-08 12:54:16,265 [Worker-421] WARN  o.e.m.c.i.embedder.EclipseLogger - Using platform encoding (Cp1252 actually) to copy filtered resources, i.e. build is platform dependent!
2017-06-08 12:54:16,271 [Worker-421] INFO  o.e.m.c.i.embedder.EclipseLogger - skip non existing resourceDirectory D:\Snap2\WhirpoolNewsletter\com.mkyong.rest\src\test\resources
2017-06-08 15:50:34,192 [Worker-485] WARN  o.e.m.c.i.embedder.EclipseLogger - Using platform encoding (Cp1252 actually) to copy filtered resources, i.e. build is platform dependent!
2017-06-08 15:50:34,233 [Worker-485] INFO  o.e.m.c.i.embedder.EclipseLogger - Copying 1 resource
2017-06-08 15:50:34,239 [Worker-485] WARN  o.e.m.c.i.embedder.EclipseLogger - Using platform encoding (Cp1252 actually) to copy filtered resources, i.e. build is platform dependent!
2017-06-08 15:50:34,253 [Worker-485] INFO  o.e.m.c.i.embedder.EclipseLogger - skip non existing resourceDirectory D:\Snap2\WhirpoolNewsletter\com.mkyong.rest\src\test\resources
2017-06-08 16:22:58,808 [Worker-516] WARN  o.e.m.c.i.embedder.EclipseLogger - Using platform encoding (Cp1252 actually) to copy filtered resources, i.e. build is platform dependent!
2017-06-08 16:22:58,821 [Worker-516] INFO  o.e.m.c.i.embedder.EclipseLogger - Copying 1 resource
2017-06-08 16:22:58,831 [Worker-516] WARN  o.e.m.c.i.embedder.EclipseLogger - Using platform encoding (Cp1252 actually) to copy filtered resources, i.e. build is platform dependent!
2017-06-08 16:22:58,840 [Worker-516] INFO  o.e.m.c.i.embedder.EclipseLogger - skip non existing resourceDirectory D:\Snap2\WhirpoolNewsletter\com.mkyong.rest\src\test\resources
2017-06-08 17:00:10,207 [Worker-537] WARN  o.e.m.c.i.embedder.EclipseLogger - Using platform encoding (Cp1252 actually) to copy filtered resources, i.e. build is platform dependent!
2017-06-08 17:00:10,209 [Worker-537] INFO  o.e.m.c.i.embedder.EclipseLogger - Copying 1 resource
2017-06-08 17:00:10,212 [Worker-537] WARN  o.e.m.c.i.embedder.EclipseLogger - Using platform encoding (Cp1252 actually) to copy filtered resources, i.e. build is platform dependent!
2017-06-08 17:00:10,213 [Worker-537] INFO  o.e.m.c.i.embedder.EclipseLogger - skip non existing resourceDirectory D:\Snap2\WhirpoolNewsletter\com.mkyong.rest\src\test\resources
2017-06-08 17:11:31,207 [Worker-545] WARN  o.e.m.c.i.embedder.EclipseLogger - Using platform encoding (Cp1252 actually) to copy filtered resources, i.e. build is platform dependent!
2017-06-08 17:11:31,208 [Worker-545] INFO  o.e.m.c.i.embedder.EclipseLogger - Copying 1 resource
2017-06-08 17:11:31,211 [Worker-545] WARN  o.e.m.c.i.embedder.EclipseLogger - Using platform encoding (Cp1252 actually) to copy filtered resources, i.e. build is platform dependent!
2017-06-08 17:11:31,212 [Worker-545] INFO  o.e.m.c.i.embedder.EclipseLogger - skip non existing resourceDirectory D:\Snap2\WhirpoolNewsletter\com.mkyong.rest\src\test\resources
